<?xml version="1.0" encoding="UTF-8"?>
<!-- Generated by org.testng.reporters.JUnitXMLReporter -->
<testsuite ignored="0" hostname="DESKTOP-NOR6CNL" failures="0" tests="11" name="Test" time="260.397" errors="0" timestamp="2020-06-28T12:07:55 EEST">
  <testcase classname="AutomationPractice.addToCard" name="addtoCard" time="8.135"/>
  <testcase classname="AutomationPractice.verifyLogin" name="verifyLoginWithInValidUserAndValidPassword" time="5.791"/>
  <testcase classname="AutomationPractice.verifyLogin" name="verifyLoginWithInvalidUserAndWrongPassword" time="6.834"/>
  <testcase classname="AutomationPractice.verifyLogin" name="verifyLoginWithValidUser" time="6.813"/>
  <testcase classname="AutomationPractice.verifyLogin" name="verifyLoginWithValidUserAndWrongPassword" time="4.327"/>
  <testcase classname="AutomationPractice.verifyLoginDataProvider" name="Login" time="6.289"/>
  <testcase classname="AutomationPractice.verifyLoginDataProvider" name="Login" time="5.535"/>
  <testcase classname="AutomationPractice.verifyHomePageElements" name="verifyPageTitle" time="0.026"/>
  <testcase classname="AutomationPractice.verifyHomePageElements" name="verifyShopPhoneText" time="0.219"/>
  <testcase classname="AutomationPractice.verifyHomePageElements" name="verifySignInButton" time="0.133"/>
  <testcase classname="AutomationPractice.verifyHomePageElements" name="verifyTheUrl" time="0.01"/>
</testsuite> <!-- Test -->
