<?xml version="1.0" encoding="UTF-8"?>
<testng-results ignored="0" total="3" passed="2" failed="1" skipped="0">
  <reporter-output>
  </reporter-output>
  <suite started-at="2020-06-19T17:07:54 EEST" name="Suite" finished-at="2020-06-19T17:08:35 EEST" duration-ms="41583">
    <groups>
    </groups>
    <test started-at="2020-06-19T17:07:54 EEST" name="Test" finished-at="2020-06-19T17:08:35 EEST" duration-ms="41583">
      <class name="AutomationPractice.loginPage">
        <test-method is-config="true" signature="initialize()[pri:0, instance:AutomationPractice.loginPage@240237d2]" started-at="2020-06-19T17:08:05 EEST" name="initialize" finished-at="2020-06-19T17:08:15 EEST" duration-ms="9991" status="PASS">
          <reporter-output>
          </reporter-output>
        </test-method> <!-- initialize -->
        <test-method signature="Login(java.lang.String, java.lang.String, java.lang.String)[pri:0, instance:AutomationPractice.loginPage@240237d2]" started-at="2020-06-19T17:08:15 EEST" name="Login" data-provider="getData" finished-at="2020-06-19T17:08:20 EEST" duration-ms="4506" status="PASS">
          <params>
            <param index="0">
              <value>
                <![CDATA[stanchev.m@abv.bg]]>
              </value>
            </param>
            <param index="1">
              <value>
                <![CDATA[Martin]]>
              </value>
            </param>
            <param index="2">
              <value>
                <![CDATA[ValidAccount]]>
              </value>
            </param>
          </params>
          <reporter-output>
          </reporter-output>
        </test-method> <!-- Login -->
        <test-method signature="Login(java.lang.String, java.lang.String, java.lang.String)[pri:0, instance:AutomationPractice.loginPage@240237d2]" started-at="2020-06-19T17:08:20 EEST" name="Login" data-provider="getData" finished-at="2020-06-19T17:08:32 EEST" duration-ms="12257" status="FAIL">
          <params>
            <param index="0">
              <value>
                <![CDATA[invalidaccount@abv.bg]]>
              </value>
            </param>
            <param index="1">
              <value>
                <![CDATA[12345]]>
              </value>
            </param>
            <param index="2">
              <value>
                <![CDATA[InValidAccount]]>
              </value>
            </param>
          </params>
          <exception class="org.openqa.selenium.NoSuchElementException">
            <message>
              <![CDATA[no such element: Unable to locate element: {"method":"css selector","selector":"#passwd"}
  (Session info: chrome=83.0.4103.106)
For documentation on this error, please visit: https://www.seleniumhq.org/exceptions/no_such_element.html
Build info: version: '3.141.59', revision: 'e82be7d358', time: '2018-11-14T08:17:03'
System info: host: 'DESKTOP-NOR6CNL', ip: '192.168.0.101', os.name: 'Windows 10', os.arch: 'amd64', os.version: '10.0', java.version: '14.0.1'
Driver info: org.openqa.selenium.chrome.ChromeDriver
Capabilities {acceptInsecureCerts: false, browserName: chrome, browserVersion: 83.0.4103.106, chrome: {chromedriverVersion: 83.0.4103.39 (ccbf011cb2d2b..., userDataDir: C:\Users\MARTIN~1\AppData\L...}, goog:chromeOptions: {debuggerAddress: localhost:61213}, javascriptEnabled: true, networkConnectionEnabled: false, pageLoadStrategy: normal, platform: WINDOWS, platformName: WINDOWS, proxy: Proxy(), setWindowRect: true, strictFileInteractability: false, timeouts: {implicit: 0, pageLoad: 300000, script: 30000}, unhandledPromptBehavior: dismiss and notify, webauthn:virtualAuthenticators: true}
Session ID: 211693f0a32e4e64730efd995f95370e
*** Element info: {Using=id, value=passwd}]]>
            </message>
            <full-stacktrace>
              <![CDATA[org.openqa.selenium.NoSuchElementException: no such element: Unable to locate element: {"method":"css selector","selector":"#passwd"}
  (Session info: chrome=83.0.4103.106)
For documentation on this error, please visit: https://www.seleniumhq.org/exceptions/no_such_element.html
Build info: version: '3.141.59', revision: 'e82be7d358', time: '2018-11-14T08:17:03'
System info: host: 'DESKTOP-NOR6CNL', ip: '192.168.0.101', os.name: 'Windows 10', os.arch: 'amd64', os.version: '10.0', java.version: '14.0.1'
Driver info: org.openqa.selenium.chrome.ChromeDriver
Capabilities {acceptInsecureCerts: false, browserName: chrome, browserVersion: 83.0.4103.106, chrome: {chromedriverVersion: 83.0.4103.39 (ccbf011cb2d2b..., userDataDir: C:\Users\MARTIN~1\AppData\L...}, goog:chromeOptions: {debuggerAddress: localhost:61213}, javascriptEnabled: true, networkConnectionEnabled: false, pageLoadStrategy: normal, platform: WINDOWS, platformName: WINDOWS, proxy: Proxy(), setWindowRect: true, strictFileInteractability: false, timeouts: {implicit: 0, pageLoad: 300000, script: 30000}, unhandledPromptBehavior: dismiss and notify, webauthn:virtualAuthenticators: true}
Session ID: 211693f0a32e4e64730efd995f95370e
*** Element info: {Using=id, value=passwd}
at java.base/jdk.internal.reflect.NativeConstructorAccessorImpl.newInstance0(Native Method)
at java.base/jdk.internal.reflect.NativeConstructorAccessorImpl.newInstance(NativeConstructorAccessorImpl.java:62)
at java.base/jdk.internal.reflect.DelegatingConstructorAccessorImpl.newInstance(DelegatingConstructorAccessorImpl.java:45)
at java.base/java.lang.reflect.Constructor.newInstanceWithCaller(Constructor.java:500)
at java.base/java.lang.reflect.Constructor.newInstance(Constructor.java:481)
at org.openqa.selenium.remote.http.W3CHttpResponseCodec.createException(W3CHttpResponseCodec.java:187)
at org.openqa.selenium.remote.http.W3CHttpResponseCodec.decode(W3CHttpResponseCodec.java:122)
at org.openqa.selenium.remote.http.W3CHttpResponseCodec.decode(W3CHttpResponseCodec.java:49)
at org.openqa.selenium.remote.HttpCommandExecutor.execute(HttpCommandExecutor.java:158)
at org.openqa.selenium.remote.service.DriverCommandExecutor.execute(DriverCommandExecutor.java:83)
at org.openqa.selenium.remote.RemoteWebDriver.execute(RemoteWebDriver.java:552)
at org.openqa.selenium.remote.RemoteWebDriver.findElement(RemoteWebDriver.java:323)
at org.openqa.selenium.remote.RemoteWebDriver.findElementById(RemoteWebDriver.java:372)
at org.openqa.selenium.By$ById.findElement(By.java:188)
at org.openqa.selenium.remote.RemoteWebDriver.findElement(RemoteWebDriver.java:315)
at pageObjects.LoginPage.password(LoginPage.java:25)
at AutomationPractice.loginPage.Login(loginPage.java:28)
at java.base/jdk.internal.reflect.NativeMethodAccessorImpl.invoke0(Native Method)
at java.base/jdk.internal.reflect.NativeMethodAccessorImpl.invoke(NativeMethodAccessorImpl.java:62)
at java.base/jdk.internal.reflect.DelegatingMethodAccessorImpl.invoke(DelegatingMethodAccessorImpl.java:43)
at java.base/java.lang.reflect.Method.invoke(Method.java:564)
at org.testng.internal.MethodInvocationHelper.invokeMethod(MethodInvocationHelper.java:134)
at org.testng.internal.TestInvoker.invokeMethod(TestInvoker.java:597)
at org.testng.internal.TestInvoker.invokeTestMethod(TestInvoker.java:173)
at org.testng.internal.MethodRunner.runInSequence(MethodRunner.java:46)
at org.testng.internal.TestInvoker$MethodInvocationAgent.invoke(TestInvoker.java:816)
at org.testng.internal.TestInvoker.invokeTestMethods(TestInvoker.java:146)
at org.testng.internal.TestMethodWorker.invokeTestMethods(TestMethodWorker.java:146)
at org.testng.internal.TestMethodWorker.run(TestMethodWorker.java:128)
at java.base/java.util.ArrayList.forEach(ArrayList.java:1510)
at org.testng.TestRunner.privateRun(TestRunner.java:766)
at org.testng.TestRunner.run(TestRunner.java:587)
at org.testng.SuiteRunner.runTest(SuiteRunner.java:384)
at org.testng.SuiteRunner.runSequentially(SuiteRunner.java:378)
at org.testng.SuiteRunner.privateRun(SuiteRunner.java:337)
at org.testng.SuiteRunner.run(SuiteRunner.java:286)
at org.testng.SuiteRunnerWorker.runSuite(SuiteRunnerWorker.java:53)
at org.testng.SuiteRunnerWorker.run(SuiteRunnerWorker.java:96)
at org.testng.TestNG.runSuitesSequentially(TestNG.java:1187)
at org.testng.TestNG.runSuitesLocally(TestNG.java:1109)
at org.testng.TestNG.runSuites(TestNG.java:1039)
at org.testng.TestNG.run(TestNG.java:1007)
at org.apache.maven.surefire.testng.TestNGExecutor.run(TestNGExecutor.java:284)
at org.apache.maven.surefire.testng.TestNGXmlTestSuite.execute(TestNGXmlTestSuite.java:75)
at org.apache.maven.surefire.testng.TestNGProvider.invoke(TestNGProvider.java:119)
at org.apache.maven.surefire.booter.ForkedBooter.runSuitesInProcess(ForkedBooter.java:428)
at org.apache.maven.surefire.booter.ForkedBooter.execute(ForkedBooter.java:162)
at org.apache.maven.surefire.booter.ForkedBooter.run(ForkedBooter.java:562)
at org.apache.maven.surefire.booter.ForkedBooter.main(ForkedBooter.java:548)
]]>
            </full-stacktrace>
          </exception> <!-- org.openqa.selenium.NoSuchElementException -->
          <reporter-output>
          </reporter-output>
        </test-method> <!-- Login -->
        <test-method is-config="true" signature="closeTheBrowser()[pri:0, instance:AutomationPractice.loginPage@240237d2]" started-at="2020-06-19T17:08:35 EEST" name="closeTheBrowser" finished-at="2020-06-19T17:08:35 EEST" duration-ms="290" status="PASS">
          <reporter-output>
          </reporter-output>
        </test-method> <!-- closeTheBrowser -->
      </class> <!-- AutomationPractice.loginPage -->
      <class name="AutomationPractice.HomePage">
        <test-method is-config="true" signature="initialize()[pri:0, instance:AutomationPractice.HomePage@25a65b77]" started-at="2020-06-19T17:07:54 EEST" name="initialize" finished-at="2020-06-19T17:08:05 EEST" duration-ms="11566" status="PASS">
          <reporter-output>
          </reporter-output>
        </test-method> <!-- initialize -->
        <test-method signature="signInButton()[pri:0, instance:AutomationPractice.HomePage@25a65b77]" started-at="2020-06-19T17:08:32 EEST" name="signInButton" finished-at="2020-06-19T17:08:35 EEST" duration-ms="2536" status="PASS">
          <reporter-output>
          </reporter-output>
        </test-method> <!-- signInButton -->
        <test-method is-config="true" signature="closeTheBrowser()[pri:0, instance:AutomationPractice.HomePage@25a65b77]" started-at="2020-06-19T17:08:35 EEST" name="closeTheBrowser" finished-at="2020-06-19T17:08:35 EEST" duration-ms="199" status="PASS">
          <reporter-output>
          </reporter-output>
        </test-method> <!-- closeTheBrowser -->
      </class> <!-- AutomationPractice.HomePage -->
    </test> <!-- Test -->
  </suite> <!-- Suite -->
</testng-results>
