<?xml version="1.0" encoding="UTF-8"?>
<testng-results ignored="0" total="11" passed="11" failed="0" skipped="0">
  <reporter-output>
  </reporter-output>
  <suite started-at="2020-06-28T12:03:34 EEST" name="Tests" finished-at="2020-06-28T12:07:54 EEST" duration-ms="260397">
    <groups>
    </groups>
    <test started-at="2020-06-28T12:03:34 EEST" name="Test" finished-at="2020-06-28T12:07:54 EEST" duration-ms="260397">
      <class name="AutomationPractice.verifyLogin">
        <test-method is-config="true" signature="initialize()[pri:0, instance:AutomationPractice.verifyLogin@3b938003]" started-at="2020-06-28T12:04:54 EEST" name="initialize" finished-at="2020-06-28T12:05:25 EEST" duration-ms="31597" status="PASS">
          <reporter-output>
          </reporter-output>
        </test-method> <!-- initialize -->
        <test-method signature="verifyLoginWithInValidUserAndValidPassword()[pri:0, instance:AutomationPractice.verifyLogin@3b938003]" started-at="2020-06-28T12:05:25 EEST" name="verifyLoginWithInValidUserAndValidPassword" finished-at="2020-06-28T12:05:31 EEST" duration-ms="5791" status="PASS">
          <reporter-output>
          </reporter-output>
        </test-method> <!-- verifyLoginWithInValidUserAndValidPassword -->
        <test-method is-config="true" signature="closeTheBrowser()[pri:0, instance:AutomationPractice.verifyLogin@3b938003]" started-at="2020-06-28T12:05:31 EEST" name="closeTheBrowser" finished-at="2020-06-28T12:05:34 EEST" duration-ms="2761" status="PASS">
          <reporter-output>
          </reporter-output>
        </test-method> <!-- closeTheBrowser -->
        <test-method is-config="true" signature="initialize()[pri:0, instance:AutomationPractice.verifyLogin@3b938003]" started-at="2020-06-28T12:05:34 EEST" name="initialize" finished-at="2020-06-28T12:05:49 EEST" duration-ms="15690" status="PASS">
          <reporter-output>
          </reporter-output>
        </test-method> <!-- initialize -->
        <test-method signature="verifyLoginWithInvalidUserAndWrongPassword()[pri:0, instance:AutomationPractice.verifyLogin@3b938003]" started-at="2020-06-28T12:05:49 EEST" name="verifyLoginWithInvalidUserAndWrongPassword" finished-at="2020-06-28T12:05:56 EEST" duration-ms="6834" status="PASS">
          <reporter-output>
          </reporter-output>
        </test-method> <!-- verifyLoginWithInvalidUserAndWrongPassword -->
        <test-method is-config="true" signature="closeTheBrowser()[pri:0, instance:AutomationPractice.verifyLogin@3b938003]" started-at="2020-06-28T12:05:56 EEST" name="closeTheBrowser" finished-at="2020-06-28T12:05:58 EEST" duration-ms="1659" status="PASS">
          <reporter-output>
          </reporter-output>
        </test-method> <!-- closeTheBrowser -->
        <test-method is-config="true" signature="initialize()[pri:0, instance:AutomationPractice.verifyLogin@3b938003]" started-at="2020-06-28T12:05:58 EEST" name="initialize" finished-at="2020-06-28T12:06:23 EEST" duration-ms="25099" status="PASS">
          <reporter-output>
          </reporter-output>
        </test-method> <!-- initialize -->
        <test-method signature="verifyLoginWithValidUser()[pri:0, instance:AutomationPractice.verifyLogin@3b938003]" started-at="2020-06-28T12:06:23 EEST" name="verifyLoginWithValidUser" finished-at="2020-06-28T12:06:30 EEST" duration-ms="6813" status="PASS">
          <reporter-output>
          </reporter-output>
        </test-method> <!-- verifyLoginWithValidUser -->
        <test-method is-config="true" signature="closeTheBrowser()[pri:0, instance:AutomationPractice.verifyLogin@3b938003]" started-at="2020-06-28T12:06:30 EEST" name="closeTheBrowser" finished-at="2020-06-28T12:06:36 EEST" duration-ms="6196" status="PASS">
          <reporter-output>
          </reporter-output>
        </test-method> <!-- closeTheBrowser -->
        <test-method is-config="true" signature="initialize()[pri:0, instance:AutomationPractice.verifyLogin@3b938003]" started-at="2020-06-28T12:06:36 EEST" name="initialize" finished-at="2020-06-28T12:07:01 EEST" duration-ms="25313" status="PASS">
          <reporter-output>
          </reporter-output>
        </test-method> <!-- initialize -->
        <test-method signature="verifyLoginWithValidUserAndWrongPassword()[pri:0, instance:AutomationPractice.verifyLogin@3b938003]" started-at="2020-06-28T12:07:01 EEST" name="verifyLoginWithValidUserAndWrongPassword" finished-at="2020-06-28T12:07:06 EEST" duration-ms="4327" status="PASS">
          <reporter-output>
          </reporter-output>
        </test-method> <!-- verifyLoginWithValidUserAndWrongPassword -->
        <test-method is-config="true" signature="closeTheBrowser()[pri:0, instance:AutomationPractice.verifyLogin@3b938003]" started-at="2020-06-28T12:07:06 EEST" name="closeTheBrowser" finished-at="2020-06-28T12:07:07 EEST" duration-ms="1484" status="PASS">
          <reporter-output>
          </reporter-output>
        </test-method> <!-- closeTheBrowser -->
      </class> <!-- AutomationPractice.verifyLogin -->
      <class name="AutomationPractice.verifyLoginDataProvider">
        <test-method is-config="true" signature="initialize()[pri:0, instance:AutomationPractice.verifyLoginDataProvider@6f3b5d16]" started-at="2020-06-28T12:07:07 EEST" name="initialize" finished-at="2020-06-28T12:07:23 EEST" duration-ms="15621" status="PASS">
          <reporter-output>
          </reporter-output>
        </test-method> <!-- initialize -->
        <test-method signature="Login(java.lang.String, java.lang.String, java.lang.String)[pri:0, instance:AutomationPractice.verifyLoginDataProvider@6f3b5d16]" started-at="2020-06-28T12:07:23 EEST" name="Login" data-provider="getData" finished-at="2020-06-28T12:07:29 EEST" duration-ms="6289" status="PASS">
          <params>
            <param index="0">
              <value>
                <![CDATA[stanchev.m@abv.bg]]>
              </value>
            </param>
            <param index="1">
              <value>
                <![CDATA[Martin]]>
              </value>
            </param>
            <param index="2">
              <value>
                <![CDATA[ValidAccount]]>
              </value>
            </param>
          </params>
          <reporter-output>
          </reporter-output>
        </test-method> <!-- Login -->
        <test-method is-config="true" signature="closeTheBrowser()[pri:0, instance:AutomationPractice.verifyLoginDataProvider@6f3b5d16]" started-at="2020-06-28T12:07:29 EEST" name="closeTheBrowser" finished-at="2020-06-28T12:07:30 EEST" duration-ms="1164" status="PASS">
          <reporter-output>
          </reporter-output>
        </test-method> <!-- closeTheBrowser -->
        <test-method is-config="true" signature="initialize()[pri:0, instance:AutomationPractice.verifyLoginDataProvider@6f3b5d16]" started-at="2020-06-28T12:07:30 EEST" name="initialize" finished-at="2020-06-28T12:07:45 EEST" duration-ms="14436" status="PASS">
          <reporter-output>
          </reporter-output>
        </test-method> <!-- initialize -->
        <test-method signature="Login(java.lang.String, java.lang.String, java.lang.String)[pri:0, instance:AutomationPractice.verifyLoginDataProvider@6f3b5d16]" started-at="2020-06-28T12:07:45 EEST" name="Login" data-provider="getData" finished-at="2020-06-28T12:07:50 EEST" duration-ms="5535" status="PASS">
          <params>
            <param index="0">
              <value>
                <![CDATA[invalidaccount@abv.bg]]>
              </value>
            </param>
            <param index="1">
              <value>
                <![CDATA[12345]]>
              </value>
            </param>
            <param index="2">
              <value>
                <![CDATA[InValidAccount]]>
              </value>
            </param>
          </params>
          <reporter-output>
          </reporter-output>
        </test-method> <!-- Login -->
        <test-method is-config="true" signature="closeTheBrowser()[pri:0, instance:AutomationPractice.verifyLoginDataProvider@6f3b5d16]" started-at="2020-06-28T12:07:50 EEST" name="closeTheBrowser" finished-at="2020-06-28T12:07:52 EEST" duration-ms="1784" status="PASS">
          <reporter-output>
          </reporter-output>
        </test-method> <!-- closeTheBrowser -->
      </class> <!-- AutomationPractice.verifyLoginDataProvider -->
      <class name="AutomationPractice.addToCard">
        <test-method is-config="true" signature="initialize()[pri:0, instance:AutomationPractice.addToCard@55a561cf]" started-at="2020-06-28T12:04:08 EEST" name="initialize" finished-at="2020-06-28T12:04:45 EEST" duration-ms="37133" status="PASS">
          <reporter-output>
          </reporter-output>
        </test-method> <!-- initialize -->
        <test-method signature="addtoCard()[pri:0, instance:AutomationPractice.addToCard@55a561cf]" started-at="2020-06-28T12:04:45 EEST" name="addtoCard" finished-at="2020-06-28T12:04:54 EEST" duration-ms="8135" status="PASS">
          <reporter-output>
          </reporter-output>
        </test-method> <!-- addtoCard -->
      </class> <!-- AutomationPractice.addToCard -->
      <class name="AutomationPractice.verifyHomePageElements">
        <test-method is-config="true" signature="initialize()[pri:0, instance:AutomationPractice.verifyHomePageElements@3d299e3]" started-at="2020-06-28T12:03:34 EEST" name="initialize" finished-at="2020-06-28T12:04:08 EEST" duration-ms="34277" status="PASS">
          <reporter-output>
          </reporter-output>
        </test-method> <!-- initialize -->
        <test-method signature="verifyPageTitle()[pri:0, instance:AutomationPractice.verifyHomePageElements@3d299e3]" started-at="2020-06-28T12:07:52 EEST" name="verifyPageTitle" finished-at="2020-06-28T12:07:52 EEST" duration-ms="26" status="PASS">
          <reporter-output>
          </reporter-output>
        </test-method> <!-- verifyPageTitle -->
        <test-method signature="verifyShopPhoneText()[pri:0, instance:AutomationPractice.verifyHomePageElements@3d299e3]" started-at="2020-06-28T12:07:52 EEST" name="verifyShopPhoneText" finished-at="2020-06-28T12:07:52 EEST" duration-ms="219" status="PASS">
          <reporter-output>
          </reporter-output>
        </test-method> <!-- verifyShopPhoneText -->
        <test-method signature="verifySignInButton()[pri:0, instance:AutomationPractice.verifyHomePageElements@3d299e3]" started-at="2020-06-28T12:07:52 EEST" name="verifySignInButton" finished-at="2020-06-28T12:07:52 EEST" duration-ms="133" status="PASS">
          <reporter-output>
          </reporter-output>
        </test-method> <!-- verifySignInButton -->
        <test-method signature="verifyTheUrl()[pri:0, instance:AutomationPractice.verifyHomePageElements@3d299e3]" started-at="2020-06-28T12:07:52 EEST" name="verifyTheUrl" finished-at="2020-06-28T12:07:52 EEST" duration-ms="10" status="PASS">
          <reporter-output>
          </reporter-output>
        </test-method> <!-- verifyTheUrl -->
        <test-method is-config="true" signature="closeTheBrowser()[pri:0, instance:AutomationPractice.verifyHomePageElements@3d299e3]" started-at="2020-06-28T12:07:52 EEST" name="closeTheBrowser" finished-at="2020-06-28T12:07:54 EEST" duration-ms="1925" status="PASS">
          <reporter-output>
          </reporter-output>
        </test-method> <!-- closeTheBrowser -->
      </class> <!-- AutomationPractice.verifyHomePageElements -->
    </test> <!-- Test -->
  </suite> <!-- Tests -->
</testng-results>
