<?xml version="1.0" encoding="UTF-8"?>
<testng-results ignored="0" total="1" passed="1" failed="0" skipped="0">
  <reporter-output>
  </reporter-output>
  <suite started-at="2020-06-25T16:23:22 EEST" name="Default suite" finished-at="2020-06-25T16:23:39 EEST" duration-ms="16832">
    <groups>
    </groups>
    <test started-at="2020-06-25T16:23:22 EEST" name="Default test" finished-at="2020-06-25T16:23:39 EEST" duration-ms="16832">
      <class name="AutomationPractice.addToCard">
        <test-method is-config="true" signature="initialize()[pri:0, instance:AutomationPractice.addToCard@342c38f8]" started-at="2020-06-25T16:23:23 EEST" name="initialize" finished-at="2020-06-25T16:23:32 EEST" duration-ms="9711" status="PASS">
          <reporter-output>
          </reporter-output>
        </test-method> <!-- initialize -->
        <test-method signature="addtoCard()[pri:0, instance:AutomationPractice.addToCard@342c38f8]" started-at="2020-06-25T16:23:32 EEST" name="addtoCard" finished-at="2020-06-25T16:23:39 EEST" duration-ms="7030" status="PASS">
          <reporter-output>
          </reporter-output>
        </test-method> <!-- addtoCard -->
      </class> <!-- AutomationPractice.addToCard -->
    </test> <!-- Default test -->
  </suite> <!-- Default suite -->
</testng-results>
