<?xml version="1.0" encoding="UTF-8"?>
<!-- Generated by org.testng.reporters.JUnitXMLReporter -->
<testsuite ignored="8" hostname="DESKTOP-NOR6CNL" failures="0" tests="2" name="Test" time="46.707" errors="0" timestamp="2020-06-28T13:48:11 EEST">
  <testcase classname="AutomationPractice.addToCard" name="addtoCard" time="3.312"/>
  <testcase classname="AutomationPractice.verifyLogin" name="verifyLoginWithValidUser" time="4.207"/>
  <testcase classname="AutomationPractice.verifyHomePageElements" name="verifyTheUrl" time="0.0">
    <ignored/>
  </testcase> <!-- verifyTheUrl -->
  <testcase classname="AutomationPractice.verifyLogin" name="verifyLoginWithValidUserAndWrongPassword" time="0.0">
    <ignored/>
  </testcase> <!-- verifyLoginWithValidUserAndWrongPassword -->
  <testcase classname="AutomationPractice.verifyLogin" name="verifyLoginWithInValidUserAndValidPassword" time="0.0">
    <ignored/>
  </testcase> <!-- verifyLoginWithInValidUserAndValidPassword -->
  <testcase classname="AutomationPractice.verifyLoginDataProvider" name="Login" time="0.0">
    <ignored/>
  </testcase> <!-- Login -->
  <testcase classname="AutomationPractice.verifyHomePageElements" name="verifyPageTitle" time="0.0">
    <ignored/>
  </testcase> <!-- verifyPageTitle -->
  <testcase classname="AutomationPractice.verifyHomePageElements" name="verifyShopPhoneText" time="0.0">
    <ignored/>
  </testcase> <!-- verifyShopPhoneText -->
  <testcase classname="AutomationPractice.verifyHomePageElements" name="verifySignInButton" time="0.0">
    <ignored/>
  </testcase> <!-- verifySignInButton -->
  <testcase classname="AutomationPractice.verifyLogin" name="verifyLoginWithInvalidUserAndWrongPassword" time="0.0">
    <ignored/>
  </testcase> <!-- verifyLoginWithInvalidUserAndWrongPassword -->
</testsuite> <!-- Test -->
